[debug] [2023-07-28T18:30:53.819Z] ----------------------------------------------------------------------
[debug] [2023-07-28T18:30:53.820Z] Command:       /home/marcoscapistrano/.nvm/versions/node/v20.0.0/bin/node /home/marcoscapistrano/.nvm/versions/node/v20.0.0/bin/firebase init hosting
[debug] [2023-07-28T18:30:53.820Z] CLI Version:   12.4.6
[debug] [2023-07-28T18:30:53.820Z] Platform:      linux
[debug] [2023-07-28T18:30:53.821Z] Node Version:  v20.0.0
[debug] [2023-07-28T18:30:53.821Z] Time:          Fri Jul 28 2023 15:30:53 GMT-0300 (Brasilia Standard Time)
[debug] [2023-07-28T18:30:53.821Z] ----------------------------------------------------------------------
[debug] 
[debug] [2023-07-28T18:30:53.826Z] > command requires scopes: ["email","openid","https://www.googleapis.com/auth/cloudplatformprojects.readonly","https://www.googleapis.com/auth/firebase","https://www.googleapis.com/auth/cloud-platform"]
[debug] [2023-07-28T18:30:53.826Z] > authorizing via signed-in user (mcapistrano50@gmail.com)
[info] 
     ######## #### ########  ######## ########     ###     ######  ########
     ##        ##  ##     ## ##       ##     ##  ##   ##  ##       ##
     ######    ##  ########  ######   ########  #########  ######  ######
     ##        ##  ##    ##  ##       ##     ## ##     ##       ## ##
     ##       #### ##     ## ######## ########  ##     ##  ######  ########

You're about to initialize a Firebase project in this directory:

  /home/marcoscapistrano/projects/webdev/fireship-course

[info] 
=== Project Setup
[info] 
[info] First, let's associate this project directory with a Firebase project.
[info] You can create multiple project aliases by running firebase use --add, 
[info] but for now we'll just set up a default project.
[info] 
[debug] [2023-07-28T18:31:00.366Z] >>> [apiv2][query] GET https://firebase.googleapis.com/v1beta1/projects pageSize=100
[debug] [2023-07-28T18:31:01.439Z] <<< [apiv2][status] GET https://firebase.googleapis.com/v1beta1/projects 200
[debug] [2023-07-28T18:31:01.439Z] <<< [apiv2][body] GET https://firebase.googleapis.com/v1beta1/projects [omitted]
[info] i  Using project fireship-course-45f1e (fireship-course) 
[info] 
=== Hosting Setup
[info] 
[info] i  Didn't detect a .git folder. Assuming /home/marcoscapistrano/projects/webdev/fireship-course is the project root. 
[info] i  Authorizing with GitHub to upload your service account to a GitHub repository's secrets store. 
[info] 
[info] Visit this URL on this device to log in:
[info] https://github.com/login/oauth/authorize?client_id=89cf50f02ac6aaed3484&state=350888121&redirect_uri=http%3A%2F%2Flocalhost%3A9005&scope=read%3Auser%20repo%20public_repo
[info] 
[info] Waiting for authentication...
[debug] [2023-07-28T18:31:53.029Z] >>> [apiv2][query] POST https://github.com/login/oauth/access_token [none]
[debug] [2023-07-28T18:31:53.029Z] >>> [apiv2][body] POST https://github.com/login/oauth/access_token [stream]
[debug] [2023-07-28T18:31:53.372Z] <<< [apiv2][status] POST https://github.com/login/oauth/access_token 200
[debug] [2023-07-28T18:31:53.372Z] <<< [apiv2][body] POST https://github.com/login/oauth/access_token {"access_token":"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","token_type":"bearer","scope":"read:user,repo"}
[debug] [2023-07-28T18:31:53.382Z] >>> [apiv2][query] GET https://api.github.com/user [none]
[debug] [2023-07-28T18:31:53.737Z] <<< [apiv2][status] GET https://api.github.com/user 200
[debug] [2023-07-28T18:31:53.737Z] <<< [apiv2][body] GET https://api.github.com/user {"login":"marcosCapistrano","id":17936412,"node_id":"MDQ6VXNlcjE3OTM2NDEy","avatar_url":"https://avatars.githubusercontent.com/u/17936412?v=4","gravatar_id":"","url":"https://api.github.com/users/marcosCapistrano","html_url":"https://github.com/marcosCapistrano","followers_url":"https://api.github.com/users/marcosCapistrano/followers","following_url":"https://api.github.com/users/marcosCapistrano/following{/other_user}","gists_url":"https://api.github.com/users/marcosCapistrano/gists{/gist_id}","starred_url":"https://api.github.com/users/marcosCapistrano/starred{/owner}{/repo}","subscriptions_url":"https://api.github.com/users/marcosCapistrano/subscriptions","organizations_url":"https://api.github.com/users/marcosCapistrano/orgs","repos_url":"https://api.github.com/users/marcosCapistrano/repos","events_url":"https://api.github.com/users/marcosCapistrano/events{/privacy}","received_events_url":"https://api.github.com/users/marcosCapistrano/received_events","type":"User","site_admin":false,"name":"marcosCapistrano","company":null,"blog":"https://portfolio-v2-beta-drab.vercel.app","location":null,"email":"mcapistrano50@gmail.com","hireable":null,"bio":null,"twitter_username":null,"public_repos":30,"public_gists":3,"followers":5,"following":4,"created_at":"2016-03-18T21:16:31Z","updated_at":"2023-07-27T22:05:56Z","private_gists":0,"total_private_repos":23,"owned_private_repos":23,"disk_usage":1004311,"collaborators":1,"two_factor_authentication":false,"plan":{"name":"free","space":976562499,"collaborators":0,"private_repos":10000}}
[info] 
[info] ✔  Success! Logged into GitHub as marcosCapistrano 
[info] 
